// 重构日志: b8eb008c
// 同步 ID: b11d3968 @ Sat Jul 11 07:22:00 UTC 2026
// 重构日志: a0f314e3
// 重构日志: 4da39e7c
// 重构日志: 8baa0477
// 同步 ID: 64ec7101 @ Sun Jul 12 12:47:43 UTC 2026
// 同步 ID: 5dc72791 @ Tue Jul 14 07:16:45 UTC 2026
// 同步 ID: 959a5382 @ Tue Jul 14 12:15:37 UTC 2026
// 重构日志: 4328dc50
// 重构日志: 54128cd5
// 重构日志: 96e41bcd
// 重构日志: e544e283
// 重构日志: 97ae5c0f
// 同步 ID: 439e0db0 @ Thu Jul 16 21:13:08 UTC 2026
// 重构日志: 19a39fed
// 重构日志: d723036f
// 重构日志: a8efe865
// 重构日志: b4f9277e
// 重构日志: d5d7d930
// 同步 ID: 9a81af56 @ Tue Jul 21 08:41:55 UTC 2026
